Content-Type: multipart/alternative; boundary="===============0542805648=="
MIME-Version: 1.0
Subject: Profile activation
From: test@example.com
To: awesomerayhan@gmail.com
Date: Sat, 17 Aug 2019 10:37:32 -0000
Message-ID: <156603825232.7756.10777468419643842902@Tuhin-PC>

--===============0542805648==
Content-Type: text/plain; charset="utf-8"
MIME-Version: 1.0
Content-Transfer-Encoding: 7bit



To activate your profile, please follow this link:

http://localhost:8000/accounts/activate/rPcvS33lW9WpdBJ8wChT/

--===============0542805648==
Content-Type: text/html; charset="utf-8"
MIME-Version: 1.0
Content-Transfer-Encoding: 7bit



<!DOCTYPE html PUBLIC "-//W3C//DTD XHTML 1.0 Transitional//EN"
        "http://www.w3.org/TR/xhtml1/DTD/xhtml1-transitional.dtd">
<html xmlns="http://www.w3.org/1999/xhtml">
<head>
    <meta http-equiv="Content-Type" content="text/html; charset=UTF-8"/>
    <title>Profile activation</title>
    <meta name="viewport" content="width=device-width, initial-scale=1.0"/>
</head>

<body>

<p>
    To activate your profile, please follow this link:
</p>

<p>
    <a href="http://localhost:8000/accounts/activate/rPcvS33lW9WpdBJ8wChT/">http://localhost:8000/accounts/activate/rPcvS33lW9WpdBJ8wChT/</a>
</p>

</body>

</html>

--===============0542805648==--

-------------------------------------------------------------------------------
