Content-Type: multipart/alternative; boundary="===============1198003972=="
MIME-Version: 1.0
Subject: Profile activation
From: test@example.com
To: awesomerayhan@gmail.com
Date: Sat, 17 Aug 2019 12:48:30 -0000
Message-ID: <156604611030.9496.5538555903793222974@Tuhin-PC>

--===============1198003972==
Content-Type: text/plain; charset="utf-8"
MIME-Version: 1.0
Content-Transfer-Encoding: 7bit



To activate your profile, please follow this link:

http://localhost:8000/accounts/activate/bdROrd8otCAPOpH0Wfb7/

--===============1198003972==
Content-Type: text/html; charset="utf-8"
MIME-Version: 1.0
Content-Transfer-Encoding: 7bit



<!DOCTYPE html PUBLIC "-//W3C//DTD XHTML 1.0 Transitional//EN"
        "http://www.w3.org/TR/xhtml1/DTD/xhtml1-transitional.dtd">
<html xmlns="http://www.w3.org/1999/xhtml">
<head>
    <meta http-equiv="Content-Type" content="text/html; charset=UTF-8"/>
    <title>Profile activation</title>
    <meta name="viewport" content="width=device-width, initial-scale=1.0"/>
</head>

<body>

<p>
    To activate your profile, please follow this link:
</p>

<p>
    <a href="http://localhost:8000/accounts/activate/bdROrd8otCAPOpH0Wfb7/">http://localhost:8000/accounts/activate/bdROrd8otCAPOpH0Wfb7/</a>
</p>

</body>

</html>

--===============1198003972==--

-------------------------------------------------------------------------------
